./aboutdialog.h
./CodeEditor.h
./CodeEditorWidgetPlugin/CodeEditorWidgetPlugin.h
./fileviewer.h
./fileviewsettingsdialog.h
./graphdialog.h
./highlighter.h
./langtable.h
./listhandler.h
./mainwindow.h
./searchhandler.h
./sqlqueryadv.h
./std2qt.h
./aboutdialog.cpp
./CodeEditor.cpp
./CodeEditorWidgetPlugin/CodeEditorWidgetPlugin.cpp
./fileviewer.cpp
./fileviewsettingsdialog.cpp
./graphdialog.cpp
./highlighter.cpp
./langtable.cpp
./listhandler.cpp
./mainwindow.cpp
./main_gui.cpp
./searchhandler.cpp
./sqlqueryadv.cpp
./std2qt.cpp
./winmain.cpp
